[01m[K/home/yeonarom/catkin_ws/src/mavros/mavros_extras/src/plugins/gps_status.cpp:[m[K In member function ‘[01m[Kvoid mavros::extra_plugins::GpsStatusPlugin::handle_gps2_raw(const mavlink_message_t*, mavlink::common::msg::GPS2_RAW&)[m[K’:
[01m[K/home/yeonarom/catkin_ws/src/mavros/mavros_extras/src/plugins/gps_status.cpp:107:40:[m[K [01;31m[Kerror: [m[K‘[01m[Kstruct mavlink::common::msg::GPS2_RAW[m[K’ has no member named ‘[01m[Kalt_ellipsoid[m[K’
  107 |   ros_msg->alt_ellipsoid     = mav_msg.[01;31m[Kalt_ellipsoid[m[K;
      |                                        [01;31m[K^~~~~~~~~~~~~[m[K
[01m[K/home/yeonarom/catkin_ws/src/mavros/mavros_extras/src/plugins/gps_status.cpp:108:40:[m[K [01;31m[Kerror: [m[K‘[01m[Kstruct mavlink::common::msg::GPS2_RAW[m[K’ has no member named ‘[01m[Kh_acc[m[K’
  108 |   ros_msg->h_acc             = mav_msg.[01;31m[Kh_acc[m[K;
      |                                        [01;31m[K^~~~~[m[K
[01m[K/home/yeonarom/catkin_ws/src/mavros/mavros_extras/src/plugins/gps_status.cpp:109:40:[m[K [01;31m[Kerror: [m[K‘[01m[Kstruct mavlink::common::msg::GPS2_RAW[m[K’ has no member named ‘[01m[Kv_acc[m[K’
  109 |   ros_msg->v_acc             = mav_msg.[01;31m[Kv_acc[m[K;
      |                                        [01;31m[K^~~~~[m[K
[01m[K/home/yeonarom/catkin_ws/src/mavros/mavros_extras/src/plugins/gps_status.cpp:110:40:[m[K [01;31m[Kerror: [m[K‘[01m[Kstruct mavlink::common::msg::GPS2_RAW[m[K’ has no member named ‘[01m[Kvel_acc[m[K’
  110 |   ros_msg->vel_acc           = mav_msg.[01;31m[Kvel_acc[m[K;
      |                                        [01;31m[K^~~~~~~[m[K
[01m[K/home/yeonarom/catkin_ws/src/mavros/mavros_extras/src/plugins/gps_status.cpp:111:40:[m[K [01;31m[Kerror: [m[K‘[01m[Kstruct mavlink::common::msg::GPS2_RAW[m[K’ has no member named ‘[01m[Khdg_acc[m[K’
  111 |   ros_msg->hdg_acc           = mav_msg.[01;31m[Khdg_acc[m[K;
      |                                        [01;31m[K^~~~~~~[m[K
make[2]: *** [CMakeFiles/mavros_extras.dir/build.make:232: CMakeFiles/mavros_extras.dir/src/plugins/gps_status.cpp.o] Error 1
make[2]: *** Waiting for unfinished jobs....
make[1]: *** [CMakeFiles/Makefile2:735: CMakeFiles/mavros_extras.dir/all] Error 2
make: *** [Makefile:141: all] Error 2
